\BOOKMARK [1][-]{section.1}{\376\377\006\105\006\102\006\057\006\105\006\107}{}% 1
\BOOKMARK [2][-]{subsection.1.1}{\376\377\006\110\006\314\006\230\006\257\006\314\040\014\006\107\006\047\006\314\000\040\006\251\006\104\006\314\006\057\006\314}{section.1}% 2
\BOOKMARK [1][-]{section.2}{\376\377\006\047\006\104\006\257\006\110\006\061\006\314\006\052\006\105\000\040\006\105\006\314\006\106\006\314\040\014\006\105\006\251\006\063\000\040\006\110\000\040\006\052\006\065\006\105\006\314\006\105\040\014\006\257\006\314\006\061\006\314\000\040\006\107\006\110\006\064\000\040\006\105\006\065\006\106\006\110\006\071\006\314}{}% 3
\BOOKMARK [2][-]{subsection.2.1}{\376\377\006\047\006\065\006\110\006\104\000\040\006\050\006\106\006\314\006\047\006\057\006\314\000\040\006\047\006\104\006\257\006\110\006\061\006\314\006\052\006\105\000\040\006\105\006\314\006\106\006\314\040\014\006\105\006\251\006\063}{section.2}% 4
\BOOKMARK [3][-]{subsubsection.2.1.1}{\376\377\006\047\006\065\006\104\000\040\006\071\006\105\006\104\006\251\006\061\006\057}{subsection.2.1}% 5
\BOOKMARK [3][-]{subsubsection.2.1.2}{\376\377\006\101\006\061\006\105\006\110\006\104\006\047\006\063\006\314\006\110\006\106\000\040\006\061\006\314\006\047\006\066\006\314}{subsection.2.1}% 6
\BOOKMARK [2][-]{subsection.2.2}{\376\377\006\050\006\107\006\314\006\106\006\107\040\014\006\063\006\047\006\062\006\314\000\040\000A\000l\000p\000h\000a\000-\000B\000e\000t\000a\000\040\000P\000r\000u\000n\000i\000n\000g}{section.2}% 7
\BOOKMARK [3][-]{subsubsection.2.2.1}{\376\377\006\047\006\065\006\110\006\104\000\040\000A\000l\000p\000h\000a\000-\000B\000e\000t\000a}{subsection.2.2}% 8
\BOOKMARK [1][-]{section.3}{\376\377\006\063\006\314\006\063\006\052\006\105\000\040\006\110\006\062\006\106\040\014\006\057\006\107\006\314\000\040\006\105\006\251\006\047\006\106\006\314\000\040\006\110\000\040\006\047\006\063\006\052\006\061\006\047\006\052\006\230\006\314}{}% 9
\BOOKMARK [2][-]{subsection.3.1}{\376\377\006\105\006\047\006\052\006\061\006\314\006\063\000\040\006\047\006\061\006\062\006\064\040\014\006\107\006\047\006\314\000\040\006\105\006\251\006\047\006\106\006\314}{section.3}% 10
\BOOKMARK [2][-]{subsection.3.2}{\376\377\006\052\006\055\006\104\006\314\006\104\000\040\006\071\006\105\006\314\006\102\000\040\006\105\006\047\006\052\006\061\006\314\006\063\000\040\006\105\006\251\006\047\006\106\006\314}{section.3}% 11
\BOOKMARK [3][-]{subsubsection.3.2.1}{\376\377\006\257\006\110\006\064\006\107\040\014\006\107\006\047\000\040\000\050\006\047\006\061\006\062\006\064\000\040\000+\0001\0000\0000\000\051}{subsection.3.2}% 12
\BOOKMARK [3][-]{subsubsection.3.2.2}{\376\377\006\105\006\061\006\050\006\071\040\014\006\107\006\047\006\314\000\040\006\105\006\054\006\047\006\110\006\061\000\040\006\257\006\110\006\064\006\107\000\040\000\050\006\047\006\061\006\062\006\064\000\040\000-\0002\0000\000\051}{subsection.3.2}% 13
\BOOKMARK [3][-]{subsubsection.3.2.3}{\376\377\006\105\006\061\006\050\006\071\040\014\006\107\006\047\006\314\000\040\000X\000\040\000\050\006\047\006\061\006\062\006\064\000\040\000-\0005\0000\000\051}{subsection.3.2}% 14
\BOOKMARK [3][-]{subsubsection.3.2.4}{\376\377\006\104\006\050\006\107\040\014\006\107\006\047\000\040\000\050\006\047\006\061\006\062\006\064\000\040\000+\0001\0000\000/\000+\0005\000\051}{subsection.3.2}% 15
\BOOKMARK [3][-]{subsubsection.3.2.5}{\376\377\006\105\006\106\006\047\006\067\006\102\000\040\006\057\006\047\006\056\006\104\006\314\000\040\000\050\006\047\006\061\006\062\006\064\000\040\000-\0001\000/\000-\0002\000\051}{subsection.3.2}% 16
\BOOKMARK [2][-]{subsection.3.3}{\376\377\006\052\006\043\006\053\006\314\006\061\000\040\006\105\006\047\006\052\006\061\006\314\006\063\000\040\006\050\006\061\000\040\006\052\006\065\006\105\006\314\006\105\040\014\006\257\006\314\006\061\006\314\000\040\006\107\006\110\006\064\000\040\006\105\006\065\006\106\006\110\006\071\006\314}{section.3}% 17
\BOOKMARK [3][-]{subsubsection.3.3.1}{\376\377\006\105\006\061\006\055\006\104\006\107\000\040\006\047\006\061\006\062\006\314\006\047\006\050\006\314\000\040\006\047\006\110\006\104\006\314\006\107}{subsection.3.3}% 18
\BOOKMARK [3][-]{subsubsection.3.3.2}{\376\377\006\052\006\043\006\053\006\314\006\061\000\040\006\050\006\061\000\040\006\105\006\061\006\052\006\050\040\014\006\063\006\047\006\062\006\314\000\040\006\055\006\061\006\251\006\047\006\052}{subsection.3.3}% 19
\BOOKMARK [1][-]{section.4}{\376\377\006\052\006\047\006\050\006\071\000\040\006\047\006\061\006\062\006\314\006\047\006\050\006\314}{}% 20
\BOOKMARK [2][-]{subsection.4.1}{\376\377\006\064\006\105\006\047\006\061\006\064\000\040\006\105\006\107\006\061\006\107\040\014\006\107\006\047\000\040\006\050\006\047\000\040\006\057\006\061\000\040\006\106\006\070\006\061\006\257\006\314\006\061\006\314\000\040\000P\000a\000r\000i\000t\000y}{section.4}% 21
\BOOKMARK [2][-]{subsection.4.2}{\(Mobility\040Analysis\)}{section.4}% 22
\BOOKMARK [2][-]{subsection.4.3}{\376\377\006\251\006\106\006\052\006\061\006\104\000\040\006\257\006\110\006\064\006\107\040\014\006\107\006\047\000\040\006\050\006\047\000\040\006\054\006\061\006\314\006\105\006\107\000\040\006\105\006\054\006\047\006\110\006\061\006\052}{section.4}% 23
\BOOKMARK [2][-]{subsection.4.4}{\376\377\006\052\006\055\006\104\006\314\006\104\000\040\006\176\006\047\006\314\006\057\006\047\006\061\006\314\000\040\006\176\006\314\006\064\006\061\006\101\006\052\006\107}{section.4}% 24
\BOOKMARK [1][-]{section.5}{\376\377\006\052\006\067\006\050\006\314\006\102\000\040\006\101\006\047\006\062\006\314\000\040\006\110\000\040\006\047\006\063\006\052\006\061\006\047\006\052\006\230\006\314\000\040\006\176\006\110\006\314\006\047}{}% 25
\BOOKMARK [2][-]{subsection.5.1}{\376\377\006\052\006\064\006\056\006\314\006\065\000\040\006\101\006\047\006\062\000\040\006\050\006\047\006\062\006\314}{section.5}% 26
\BOOKMARK [2][-]{subsection.5.2}{\376\377\006\052\006\110\006\066\006\314\006\055\000\040\006\101\006\047\006\062\006\107\006\047\006\314\000\040\006\105\006\056\006\052\006\104\006\101\000\040\006\050\006\047\006\062\006\314}{section.5}% 27
\BOOKMARK [3][-]{subsubsection.5.2.1}{\376\377\006\101\006\047\006\062\000\040\006\064\006\061\006\110\006\071\000\040\006\050\006\047\006\062\006\314\000\040\000\050\000O\000p\000e\000n\000i\000n\000g\000\040\000P\000h\000a\000s\000e\000\040\000-\000\040\006\052\006\047\000\040\0002\0000\000\040\006\105\006\107\006\061\006\107\000\051}{subsection.5.2}% 28
\BOOKMARK [3][-]{subsubsection.5.2.2}{\376\377\006\101\006\047\006\062\000\040\006\105\006\314\006\047\006\106\006\107\000\040\006\050\006\047\006\062\006\314\000\040\000\050\000M\000i\000d\000-\000g\000a\000m\000e\000\040\000P\000h\000a\000s\000e\000\040\000-\000\040\0002\0000\000\040\006\052\006\047\000\040\0005\0002\000\040\006\105\006\107\006\061\006\107\000\051}{subsection.5.2}% 29
\BOOKMARK [3][-]{subsubsection.5.2.3}{\376\377\006\101\006\047\006\062\000\040\006\176\006\047\006\314\006\047\006\106\000\040\006\050\006\047\006\062\006\314\000\040\000\050\000E\000n\000d\000-\000g\000a\000m\000e\000\040\000P\000h\000a\000s\000e\000\040\000-\000\040\006\050\006\314\006\064\000\040\006\047\006\062\000\040\0005\0002\000\040\006\105\006\107\006\061\006\107\000\051}{subsection.5.2}% 30
\BOOKMARK [1][-]{section.6}{\376\377\006\105\006\057\006\314\006\061\006\314\006\052\000\040\006\071\006\105\006\102\000\040\006\054\006\063\006\052\006\054\006\110\000\040\006\110\000\040\006\063\006\067\006\110\006\055\000\040\006\107\006\110\006\064\000\040\006\105\006\065\006\106\006\110\006\071\006\314}{}% 31
\BOOKMARK [2][-]{subsection.6.1}{\376\377\006\063\006\314\006\063\006\052\006\105\000\040\006\063\006\067\006\055\040\014\006\050\006\106\006\057\006\314\000\040\006\107\006\110\006\064\000\040\006\105\006\065\006\106\006\110\006\071\006\314}{section.6}% 32
\BOOKMARK [2][-]{subsection.6.2}{\376\377\006\052\006\043\006\053\006\314\006\061\000\040\006\071\006\105\006\102\000\040\006\054\006\063\006\052\006\054\006\110\000\040\006\050\006\061\000\040\006\102\006\057\006\061\006\052\000\040\006\052\006\065\006\105\006\314\006\105\040\014\006\257\006\314\006\061\006\314}{section.6}% 33
\BOOKMARK [3][-]{subsubsection.6.2.1}{\376\377\006\105\006\055\006\047\006\063\006\050\006\107\000\040\006\052\006\071\006\057\006\047\006\057\000\040\006\055\006\047\006\104\006\047\006\052\000\040\006\050\006\061\006\061\006\063\006\314\000\040\006\064\006\057\006\107}{subsection.6.2}% 34
\BOOKMARK [2][-]{subsection.6.3}{\376\377\006\050\006\107\006\314\006\106\006\107\040\014\006\063\006\047\006\062\006\314\040\014\006\107\006\047\006\314\000\040\006\251\006\047\006\061\006\047\006\314\006\314}{section.6}% 35
\BOOKMARK [3][-]{subsubsection.6.3.1}{\376\377\006\105\006\061\006\052\006\050\040\014\006\063\006\047\006\062\006\314\000\040\006\055\006\061\006\251\006\047\006\052\000\040\006\050\006\061\006\047\006\314\000\040\000A\000l\000p\000h\000a\000-\000B\000e\000t\000a}{subsection.6.3}% 36
\BOOKMARK [1][-]{section.7}{\376\377\006\052\006\055\006\104\006\314\006\104\000\040\006\047\006\104\006\257\006\110\006\107\006\047\006\314\000\040\006\047\006\063\006\052\006\061\006\047\006\052\006\230\006\314\006\251}{}% 37
\BOOKMARK [2][-]{subsection.7.1}{\376\377\006\047\006\104\006\257\006\110\006\314\000\040\000X\000-\000s\000q\000u\000a\000r\000e}{section.7}% 38
\BOOKMARK [2][-]{subsection.7.2}{\376\377\006\047\006\104\006\257\006\110\006\314\000\040\006\251\006\106\006\052\006\061\006\104\000\040\006\057\006\314\006\110\006\047\006\061}{section.7}% 39
\BOOKMARK [1][-]{section.8}{\376\377\006\052\006\055\006\104\006\314\006\104\000\040\006\071\006\105\006\104\006\251\006\061\006\057\000\040\006\110\000\040\006\050\006\107\006\314\006\106\006\107\040\014\006\063\006\047\006\062\006\314}{}% 40
\BOOKMARK [2][-]{subsection.8.1}{\376\377\006\105\006\057\006\314\006\061\006\314\006\052\000\040\006\062\006\105\006\047\006\106\000\040\006\107\006\110\006\064\006\105\006\106\006\057}{section.8}% 41
\BOOKMARK [1][-]{section.9}{\376\377\006\042\006\106\006\047\006\104\006\314\006\062\000\040\006\106\006\052\006\047\006\314\006\054\000\040\006\110\000\040\006\102\006\057\006\061\006\052\000\040\006\052\006\065\006\105\006\314\006\105\040\014\006\257\006\314\006\061\006\314}{}% 42
\BOOKMARK [2][-]{subsection.9.1}{\376\377\006\105\006\053\006\047\006\104\000\040\006\071\006\105\006\104\006\314\000:\000\040\006\047\006\106\006\052\006\056\006\047\006\050\000\040\006\050\006\314\006\106\000\040\006\057\006\110\000\040\006\055\006\061\006\251\006\052}{section.9}% 43
\BOOKMARK [3][-]{subsubsection.9.1.1}{\376\377\006\105\006\055\006\047\006\063\006\050\006\107\000\040\006\047\006\105\006\052\006\314\006\047\006\062\000\040\006\047\006\110\006\104\006\314\006\107}{subsection.9.1}% 44
\BOOKMARK [3][-]{subsubsection.9.1.2}{\376\377\006\052\006\065\006\105\006\314\006\105\000\040\006\106\006\107\006\047\006\314\006\314}{subsection.9.1}% 45
\BOOKMARK [1][-]{section.10}{\376\377\006\105\006\102\006\047\006\314\006\063\006\107\000\040\006\050\006\047\000\040\006\061\006\110\006\064\040\014\006\107\006\047\006\314\000\040\006\054\006\047\006\314\006\257\006\062\006\314\006\106}{}% 46
\BOOKMARK [2][-]{subsection.10.1}{\376\377\006\105\006\102\006\047\006\314\006\063\006\107\000\040\006\050\006\047\000\040\006\054\006\063\006\052\006\054\006\110\006\314\000\040\006\251\006\047\006\105\006\104}{section.10}% 47
\BOOKMARK [1][-]{section.11}{\376\377\006\105\006\106\006\047\006\050\006\071\000\040\006\110\000\040\006\105\006\061\006\047\006\054\006\071}{}% 48
\BOOKMARK [1][-]{section.12}{\376\377\006\066\006\105\006\047\006\046\006\105}{}% 49
\BOOKMARK [2][-]{subsection.12.1}{\376\377\006\066\006\105\006\314\006\105\006\107\000\040\006\047\006\104\006\101\000:\000\040\006\251\006\057\000\040\006\251\006\047\006\105\006\104\000\040\006\047\006\104\006\257\006\110\006\061\006\314\006\052\006\105\000\040\000M\000i\000n\000i\000m\000a\000x\000\040\006\176\006\314\006\064\006\061\006\101\006\052\006\107}{section.12}% 50
\BOOKMARK [2][-]{subsection.12.2}{\376\377\006\066\006\105\006\314\006\105\006\107\000\040\006\050\000:\000\040\006\251\006\057\000\040\006\251\006\047\006\105\006\104\000\040\006\052\006\047\006\050\006\071\000\040\006\047\006\061\006\062\006\314\006\047\006\050\006\314}{section.12}% 51
